[line:1720] INFO 90
[line:1971] INFO {1: 491, 2: 508, 3: 452, 4: 500, 5: 474, 6: 525, 7: 510, 8: 543, 9: 497}
[line:1974] INFO {1: 482, 2: 319, 3: 436, 4: 383, 5: 345, 6: 396, 7: 290, 8: 289, 9: 260}
[line:1977] INFO {1: 478, 2: 387, 3: 434, 4: 414, 5: 370, 6: 423, 7: 337, 8: 314, 9: 350}
[line:1980] INFO {1: 468, 2: 372, 3: 432, 4: 402, 5: 373, 6: 428, 7: 326, 8: 327, 9: 330}
[line:1983] INFO {1: 464, 2: 397, 3: 435, 4: 417, 5: 368, 6: 410, 7: 328, 8: 316, 9: 375}
[line:1986] INFO 4500
[line:1989] INFO 0.7111111111111111
[line:1992] INFO 0.7793333333333333
[line:1995] INFO 0.7684444444444445
[line:1998] INFO 0.78
[line:2001] INFO [2, 3, 5, 4, 3, 3, 4, 3, 4, 4, 4, 4, 1, 3, 3, 2, 4, 1, 4, 4, 4, 3, 3, 1, 2, 2, 3, 4, 3, 4, 5, 2, 4, 4, 2, 2, 4, 4, 3, 1, 3, 2, 3, 4, 4, 4, 2, 4, 4, 3]
[line:2004] INFO [2, 3, 5, 4, 3, 4, 4, 4, 5, 6, 3, 4, 3, 3, 2, 2, 4, 1, 5, 4, 5, 4, 3, 1, 3, 2, 3, 5, 5, 5, 5, 4, 6, 4, 2, 5, 4, 6, 5, 3, 5, 4, 3, 4, 5, 4, 3, 5, 4, 3]
[line:2007] INFO [2, 3, 6, 4, 3, 5, 4, 4, 5, 4, 3, 5, 2, 3, 2, 2, 4, 1, 5, 4, 5, 5, 3, 1, 4, 2, 3, 4, 5, 4, 4, 4, 6, 4, 2, 3, 4, 5, 5, 3, 3, 4, 3, 4, 4, 5, 3, 5, 4, 3]
[line:2010] INFO [2, 3, 4, 4, 5, 4, 4, 1, 5, 6, 3, 4, 2, 3, 3, 2, 5, 1, 4, 4, 5, 5, 3, 3, 4, 2, 3, 5, 5, 5, 5, 4, 6, 4, 2, 5, 4, 6, 5, 3, 4, 4, 3, 4, 6, 6, 4, 5, 4, 3]
[line:2013] INFO 3.16
[line:2016] INFO 3.82
[line:2019] INFO 3.7
[line:2022] INFO 3.92
[line:2025] INFO cam deploy
[line:2028] INFO [0, 0, 0, 0, 0, 0, 0, 0, 0, 0, 0, 0, 0, 0, 0, 0, 0, 0, 0, 0, 0, 0, 0, 0, 0, 0, 0, 0, 0, 0, 0, 0, 0, 0, 0, 0, 0, 0, 0, 0, 0, 0, 0, 0, 0, 0, 0, 0, 0, 0]
[line:2031] INFO [0, 0, 0, 0, 0, 0, 0, 0, 0, 0, 0, 0, 0, 0, 0, 0, 0, 0, 0, 0, 0, 0, 0, 0, 0, 0, 0, 0, 0, 0, 0, 0, 0, 0, 0, 0, 0, 0, 0, 0, 0, 0, 0, 0, 0, 0, 0, 0, 0, 0]
[line:2034] INFO [0, 0, 0, 0, 0, 0, 0, 0, 0, 0, 0, 0, 0, 0, 0, 0, 0, 0, 0, 0, 0, 0, 0, 0, 0, 0, 0, 0, 0, 0, 0, 0, 0, 0, 0, 0, 0, 0, 0, 0, 0, 0, 0, 0, 0, 0, 0, 0, 0, 0]
[line:2037] INFO [0, 0, 0, 0, 0, 0, 0, 0, 0, 0, 0, 0, 0, 0, 0, 0, 0, 0, 0, 0, 0, 0, 0, 0, 0, 0, 0, 0, 0, 0, 0, 0, 0, 0, 0, 0, 0, 0, 0, 0, 0, 0, 0, 0, 0, 0, 0, 0, 0, 0]
[line:2040] INFO [0, 0, 5, 0, 0, 0, 0, 4, 0, 0, 0, 0, 0, 0, 0, 0, 0, 0, 0, 0, 0, 0, 0, 0, 2, 0, 0, 0, 0, 0, 0, 0, 0, 0, 0, 0, 0, 0, 0, 0, 0, 0, 0, 0, 0, 0, 0, 0, 0, 0]
[line:2043] INFO 0.0
[line:2046] INFO 0.0
[line:2049] INFO 0.0
[line:2052] INFO 0.0
[line:2055] INFO 0.22
